<?xml version="1.0" encoding="UTF-8"?>
<!-- Generated by org.testng.reporters.JUnitReportReporter -->
<testsuite hostname="DESKTOP-C0VBIHC" failures="0" tests="1" name="TestNG_Page_Object_Model.LoginTest" time="2.473" errors="0" timestamp="2024-09-10T18:16:42 IST" skipped="0">
  <testcase classname="TestNG_Page_Object_Model.LoginTest" name="testLogin" time="2.473"/>
  <system-out/>
</testsuite> <!-- TestNG_Page_Object_Model.LoginTest -->
