<?xml version="1.0" encoding="UTF-8"?>
<!-- Generated by org.testng.reporters.JUnitReportReporter -->
<testsuite hostname="DESKTOP-C0VBIHC" failures="0" tests="2" name="TestNG.Cross_browser_and_parallel_Testing" time="1.916" errors="0" timestamp="2024-09-11T19:16:21 IST" skipped="0">
  <testcase classname="TestNG.Cross_browser_and_parallel_Testing" name="testLogin" time="0.839"/>
  <system-out/>
  <testcase classname="TestNG.Cross_browser_and_parallel_Testing" name="testLogin" time="1.077"/>
  <system-out/>
</testsuite> <!-- TestNG.Cross_browser_and_parallel_Testing -->
