<?xml version="1.0" encoding="UTF-8"?>
<!-- Generated by org.testng.reporters.JUnitReportReporter -->
<testsuite hostname="DESKTOP-C0VBIHC" failures="0" tests="1" name="testNG_Annotations.Class5" time="0.031" errors="0" timestamp="2025-02-08T16:50:46 IST" skipped="0">
  <testcase classname="testNG_Annotations.Class5" name="testData" time="0.031"/>
  <system-out/>
</testsuite> <!-- testNG_Annotations.Class5 -->
