<?xml version="1.0" encoding="UTF-8"?>
<!-- Generated by org.testng.reporters.JUnitReportReporter -->
<testsuite hostname="DESKTOP-C0VBIHC" failures="0" tests="2" name="testNG_Annotations.Tc1" time="0.032" errors="0" timestamp="2024-09-07T17:57:02 IST" skipped="0">
  <testcase classname="testNG_Annotations.Tc1" name="logout" time="0.025"/>
  <testcase classname="testNG_Annotations.Tc1" name="login" time="0.007"/>
</testsuite> <!-- testNG_Annotations.Tc1 -->
