<?xml version="1.0" encoding="UTF-8"?>
<!-- Generated by org.testng.reporters.JUnitReportReporter -->
<testsuite hostname="DESKTOP-C0VBIHC" failures="0" tests="2" name="TestNG.test_Listeners" time="0.050" errors="0" timestamp="2024-09-10T09:04:29 IST" skipped="0">
  <testcase classname="TestNG.test_Listeners" name="f" time="0.010"/>
  <system-out/>
  <testcase classname="TestNG.test_Listeners" name="a" time="0.040"/>
  <system-out/>
</testsuite> <!-- TestNG.test_Listeners -->
