<?xml version="1.0" encoding="UTF-8"?>
<!-- Generated by org.testng.reporters.JUnitReportReporter -->
<testsuite hostname="DESKTOP-C0VBIHC" failures="0" tests="1" name="testNG_Annotations.Tc1" time="0.055" errors="0" timestamp="2024-08-22T13:42:52 IST" skipped="0">
  <testcase classname="testNG_Annotations.Tc1" name="login" time="0.055"/>
</testsuite> <!-- testNG_Annotations.Tc1 -->
