<?xml version="1.0" encoding="UTF-8"?>
<!-- Generated by org.testng.reporters.JUnitReportReporter -->
<testsuite hostname="DESKTOP-C0VBIHC" failures="0" tests="2" name="testNG_Annotations.Class3" time="0.018" errors="0" timestamp="2025-02-08T17:01:55 IST" skipped="0">
  <testcase classname="testNG_Annotations.Class3" name="t2" time="0.012"/>
  <system-out/>
  <testcase classname="testNG_Annotations.Class3" name="t1" time="0.006"/>
  <system-out/>
</testsuite> <!-- testNG_Annotations.Class3 -->
