<?xml version="1.0" encoding="UTF-8"?>
<!-- Generated by org.testng.reporters.JUnitReportReporter -->
<testsuite hostname="DESKTOP-C0VBIHC" failures="0" tests="2" name="TestNG.Cross_browser_and_parallel_Testing" time="0.702" errors="0" timestamp="2024-09-09T20:17:40 IST" skipped="0">
  <testcase classname="TestNG.Cross_browser_and_parallel_Testing" name="testLogin" time="0.322"/>
  <system-out/>
  <testcase classname="TestNG.Cross_browser_and_parallel_Testing" name="testLogin" time="0.380"/>
  <system-out/>
</testsuite> <!-- TestNG.Cross_browser_and_parallel_Testing -->
