<?xml version="1.0" encoding="UTF-8"?>
<!-- Generated by org.testng.reporters.JUnitReportReporter -->
<testsuite hostname="DESKTOP-C0VBIHC" failures="0" tests="2" name="testNG_Annotations.Class1" time="0.050" errors="0" timestamp="2024-09-09T09:50:52 IST" skipped="0">
  <testcase classname="testNG_Annotations.Class1" name="t1" time="0.024"/>
  <testcase classname="testNG_Annotations.Class1" name="t2" time="0.026"/>
</testsuite> <!-- testNG_Annotations.Class1 -->
