<?xml version="1.0" encoding="UTF-8"?>
<!-- Generated by org.testng.reporters.JUnitReportReporter -->
<testsuite hostname="DESKTOP-C0VBIHC" failures="0" tests="1" name="TestNG.Assertions2" time="7.511" errors="0" timestamp="2024-09-09T17:48:47 IST" skipped="0">
  <testcase classname="TestNG.Assertions2" name="testLogin" time="7.511"/>
  <system-out/>
</testsuite> <!-- TestNG.Assertions2 -->
